[debug] [2022-06-16T22:41:33.279Z] ----------------------------------------------------------------------
[debug] [2022-06-16T22:41:33.283Z] Command:       C:\Program Files\nodejs\node.exe C:\Users\shreyansh\AppData\Roaming\npm\node_modules\firebase-tools\lib\bin\firebase.js init
[debug] [2022-06-16T22:41:33.284Z] CLI Version:   11.1.0
[debug] [2022-06-16T22:41:33.284Z] Platform:      win32
[debug] [2022-06-16T22:41:33.284Z] Node Version:  v16.15.1
[debug] [2022-06-16T22:41:33.291Z] Time:          Fri Jun 17 2022 04:11:33 GMT+0530 (India Standard Time)
[debug] [2022-06-16T22:41:33.292Z] ----------------------------------------------------------------------
[debug] 
[debug] [2022-06-16T22:41:33.420Z] > command requires scopes: ["email","openid","https://www.googleapis.com/auth/cloudplatformprojects.readonly","https://www.googleapis.com/auth/firebase","https://www.googleapis.com/auth/cloud-platform"]
[debug] [2022-06-16T22:41:33.420Z] > authorizing via signed-in user (shreyansh19101@iiitnr.edu.in)
[info] 
     ######## #### ########  ######## ########     ###     ######  ########
     ##        ##  ##     ## ##       ##     ##  ##   ##  ##       ##
     ######    ##  ########  ######   ########  #########  ######  ######
     ##        ##  ##    ##  ##       ##     ## ##     ##       ## ##
     ##       #### ##     ## ######## ########  ##     ##  ######  ########

You're about to initialize a Firebase project in this directory:

  C:\Users\shreyansh\Desktop\web devlopment\react\projects\tailwind\netflix-react-tailwind-main

Before we get started, keep in mind:

  * You are initializing within an existing Firebase project directory

[info] 
=== Project Setup
[info] 
[info] First, let's associate this project directory with a Firebase project.
[info] You can create multiple project aliases by running firebase use --add, 
[info] but for now we'll just set up a default project.
[info] 
[debug] [2022-06-16T22:41:53.305Z] Using project from CLI flag: netflix-react-app-ae3f4
[debug] [2022-06-16T22:41:53.313Z] >>> [apiv2][query] GET https://firebase.googleapis.com/v1beta1/projects/netflix-react-app-ae3f4 [none]
[debug] [2022-06-16T22:41:53.967Z] <<< [apiv2][status] GET https://firebase.googleapis.com/v1beta1/projects/netflix-react-app-ae3f4 200
[debug] [2022-06-16T22:41:53.967Z] <<< [apiv2][body] GET https://firebase.googleapis.com/v1beta1/projects/netflix-react-app-ae3f4 {"projectId":"netflix-react-app-ae3f4","projectNumber":"780568275838","displayName":"netflix-react-app","name":"projects/netflix-react-app-ae3f4","resources":{"hostingSite":"netflix-react-app-ae3f4","storageBucket":"netflix-react-app-ae3f4.appspot.com","locationId":"us-central"},"state":"ACTIVE"}
[info] i  Using project netflix-react-app-ae3f4 (netflix-react-app) 
[info] 
=== Hosting Setup
[info] 
[info] Your public directory is the folder (relative to your project directory) that
[info] will contain Hosting assets to be uploaded with firebase deploy. If you
[info] have a build process for your assets, use your build's output directory.
[info] 
[debug] [2022-06-16T22:42:55.998Z] >>> [apiv2][query] GET https://www.gstatic.com/firebasejs/releases.json [none]
[debug] [2022-06-16T22:42:56.258Z] <<< [apiv2][status] GET https://www.gstatic.com/firebasejs/releases.json 200
[debug] [2022-06-16T22:42:56.258Z] <<< [apiv2][body] GET https://www.gstatic.com/firebasejs/releases.json {"current":{"version":"9.8.3","browserURL":"https://www.gstatic.com/firebasejs/9.8.3/firebase.js","packageURL":"https://www.gstatic.com/firebasejs/9.8.3/firebase.tgz"},"live":{"version":"9.8","browserURL":"https://www.gstatic.com/firebasejs/live/9.8/firebase.js","packageURL":"https://www.gstatic.com/firebasejs/live/9.8/firebase.tgz"},"components":{"analytics":"https://www.gstatic.com/firebasejs/9.8.3/firebase-analytics.js","app":"https://www.gstatic.com/firebasejs/9.8.3/firebase-app.js","app-check":"https://www.gstatic.com/firebasejs/9.8.3/firebase-app-check.js","auth":"https://www.gstatic.com/firebasejs/9.8.3/firebase-auth.js","auth/cordova":"https://www.gstatic.com/firebasejs/9.8.3/firebase-auth/cordova.js","auth/react-native":"https://www.gstatic.com/firebasejs/9.8.3/firebase-auth/react-native.js","functions":"https://www.gstatic.com/firebasejs/9.8.3/firebase-functions.js","firestore":"https://www.gstatic.com/firebasejs/9.8.3/firebase-firestore.js","firestore/lite":"https://www.gstatic.com/firebasejs/9.8.3/firebase-firestore/lite.js","storage":"https://www.gstatic.com/firebasejs/9.8.3/firebase-storage.js","performance":"https://www.gstatic.com/firebasejs/9.8.3/firebase-performance.js","remote-config":"https://www.gstatic.com/firebasejs/9.8.3/firebase-remote-config.js","messaging":"https://www.gstatic.com/firebasejs/9.8.3/firebase-messaging.js","messaging/sw":"https://www.gstatic.com/firebasejs/9.8.3/firebase-messaging/sw.js","database":"https://www.gstatic.com/firebasejs/9.8.3/firebase-database.js","firestore.memory":"https://www.gstatic.com/firebasejs/9.8.3/firebase-firestore.memory.js"}}
[info] +  Wrote public/index.html 
[info] 
[info] i  Detected a .git folder at C:\Users\shreyansh\Desktop\web devlopment\react\projects\tailwind\netflix-react-tailwind-main 
[info] i  Authorizing with GitHub to upload your service account to a GitHub repository's secrets store. 
[info] 
[info] Visit this URL on this device to log in:
[info] https://github.com/login/oauth/authorize?client_id=89cf50f02ac6aaed3484&state=657175535&redirect_uri=http%3A%2F%2Flocalhost%3A9005&scope=read%3Auser%20repo%20public_repo
[info] 
[info] Waiting for authentication...
[debug] [2022-06-16T22:43:16.511Z] >>> [apiv2][query] POST https://github.com/login/oauth/access_token [none]
[debug] [2022-06-16T22:43:16.512Z] >>> [apiv2][body] POST https://github.com/login/oauth/access_token [stream]
[debug] [2022-06-16T22:43:16.892Z] <<< [apiv2][status] POST https://github.com/login/oauth/access_token 200
[debug] [2022-06-16T22:43:16.892Z] <<< [apiv2][body] POST https://github.com/login/oauth/access_token {"access_token":"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","token_type":"bearer","scope":"read:user,repo"}
[debug] [2022-06-16T22:43:16.920Z] >>> [apiv2][query] GET https://api.github.com/user [none]
[debug] [2022-06-16T22:43:17.286Z] <<< [apiv2][status] GET https://api.github.com/user 200
[debug] [2022-06-16T22:43:17.286Z] <<< [apiv2][body] GET https://api.github.com/user {"login":"Shrey4299","id":89632212,"node_id":"MDQ6VXNlcjg5NjMyMjEy","avatar_url":"https://avatars.githubusercontent.com/u/89632212?v=4","gravatar_id":"","url":"https://api.github.com/users/Shrey4299","html_url":"https://github.com/Shrey4299","followers_url":"https://api.github.com/users/Shrey4299/followers","following_url":"https://api.github.com/users/Shrey4299/following{/other_user}","gists_url":"https://api.github.com/users/Shrey4299/gists{/gist_id}","starred_url":"https://api.github.com/users/Shrey4299/starred{/owner}{/repo}","subscriptions_url":"https://api.github.com/users/Shrey4299/subscriptions","organizations_url":"https://api.github.com/users/Shrey4299/orgs","repos_url":"https://api.github.com/users/Shrey4299/repos","events_url":"https://api.github.com/users/Shrey4299/events{/privacy}","received_events_url":"https://api.github.com/users/Shrey4299/received_events","type":"User","site_admin":false,"name":null,"company":null,"blog":"","location":null,"email":null,"hireable":null,"bio":null,"twitter_username":null,"public_repos":7,"public_gists":0,"followers":3,"following":9,"created_at":"2021-08-27T07:49:17Z","updated_at":"2022-06-09T22:33:41Z","private_gists":0,"total_private_repos":1,"owned_private_repos":1,"disk_usage":24020,"collaborators":0,"two_factor_authentication":false,"plan":{"name":"free","space":976562499,"collaborators":0,"private_repos":10000}}
[info] 
[info] +  Success! Logged into GitHub as Shrey4299 
[info] 
